{"level":"debug","message":"Calling Redirect to the url endpoint with params: { accessKey: 'add-invoice' }","timestamp":"2023-05-04 23:40:33"}
{"message":"[500/GENERIC] GENERIC - Something went wrong. Please try again or contact support.","level":"error","timestamp":"2023-05-04 23:40:33"}
{"level":"debug","message":"Calling Redirect to the url endpoint with params: { accessKey: 'add-invoice' }","timestamp":"2023-05-04 23:41:49"}
{"message":"[500/GENERIC] GENERIC - Something went wrong. Please try again or contact support.","level":"error","timestamp":"2023-05-04 23:41:49"}
{"message":"✅ DB loaded and connected!","level":"info","timestamp":"2023-05-04 23:42:33"}
{"message":"✅ Dependency Injector loaded.","level":"info","timestamp":"2023-05-04 23:42:33"}
{"message":"✅ Express loaded.","level":"info","timestamp":"2023-05-04 23:42:33"}
{"message":"\n      ################################################\n      🛡️  Server listening on port: 3000 🛡️ \n      ################################################\n    ","level":"info","timestamp":"2023-05-04 23:42:33"}
{"message":"[404/Custom] NOT_FOUND - The page does not exist.","level":"error","timestamp":"2023-05-04 23:42:36"}
{"level":"debug","message":"Calling Add Invoice ID undefined","timestamp":"2023-05-04 23:43:06"}
{"message":"[500/GENERIC] GENERIC - Something went wrong. Please try again or contact support.","level":"error","timestamp":"2023-05-04 23:43:06"}
{"level":"debug","message":"Calling Add Invoice ID undefined","timestamp":"2023-05-04 23:43:33"}
{"message":"[500/GENERIC] GENERIC - Something went wrong. Please try again or contact support.","level":"error","timestamp":"2023-05-04 23:43:33"}
{"level":"debug","message":"Calling Add Invoice ID undefined","timestamp":"2023-05-04 23:46:16"}
{"message":"[500/GENERIC] GENERIC - Something went wrong. Please try again or contact support.","level":"error","timestamp":"2023-05-04 23:46:16"}
{"level":"debug","message":"Calling Add Invoice ID undefined","timestamp":"2023-05-04 23:46:18"}
{"message":"[500/GENERIC] GENERIC - Something went wrong. Please try again or contact support.","level":"error","timestamp":"2023-05-04 23:46:18"}
{"level":"debug","message":"Calling Add Invoice ID undefined","timestamp":"2023-05-04 23:46:27"}
{"message":"[500/GENERIC] GENERIC - Something went wrong. Please try again or contact support.","level":"error","timestamp":"2023-05-04 23:46:27"}
{"message":"✅ DB loaded and connected!","level":"info","timestamp":"2023-05-04 23:46:49"}
{"message":"✅ Dependency Injector loaded.","level":"info","timestamp":"2023-05-04 23:46:49"}
{"message":"✅ Express loaded.","level":"info","timestamp":"2023-05-04 23:46:49"}
{"message":"\n      ################################################\n      🛡️  Server listening on port: 3000 🛡️ \n      ################################################\n    ","level":"info","timestamp":"2023-05-04 23:46:49"}
{"level":"debug","message":"Calling Add Invoice ID undefined","timestamp":"2023-05-04 23:47:35"}
{"message":"[500/GENERIC] GENERIC - Something went wrong. Please try again or contact support.","level":"error","timestamp":"2023-05-04 23:47:35"}
{"message":"✅ DB loaded and connected!","level":"info","timestamp":"2023-05-04 23:48:38"}
{"message":"✅ Dependency Injector loaded.","level":"info","timestamp":"2023-05-04 23:48:38"}
{"message":"✅ Express loaded.","level":"info","timestamp":"2023-05-04 23:48:38"}
{"message":"\n      ################################################\n      🛡️  Server listening on port: 3000 🛡️ \n      ################################################\n    ","level":"info","timestamp":"2023-05-04 23:48:38"}
{"level":"debug","message":"Calling Add Invoice ID undefined","timestamp":"2023-05-04 23:48:46"}
{"message":"[500/GENERIC] GENERIC - Something went wrong. Please try again or contact support.","level":"error","timestamp":"2023-05-04 23:48:46"}
{"level":"debug","message":"Calling Add Invoice ID undefined","timestamp":"2023-05-04 23:48:48"}
{"message":"[500/GENERIC] GENERIC - Something went wrong. Please try again or contact support.","level":"error","timestamp":"2023-05-04 23:48:48"}
{"message":"✅ DB loaded and connected!","level":"info","timestamp":"2023-05-04 23:50:13"}
{"message":"✅ Dependency Injector loaded.","level":"info","timestamp":"2023-05-04 23:50:13"}
{"message":"✅ Express loaded.","level":"info","timestamp":"2023-05-04 23:50:13"}
{"message":"\n      ################################################\n      🛡️  Server listening on port: 3000 🛡️ \n      ################################################\n    ","level":"info","timestamp":"2023-05-04 23:50:13"}
{"message":"✅ DB loaded and connected!","level":"info","timestamp":"2023-05-04 23:51:32"}
{"message":"✅ Dependency Injector loaded.","level":"info","timestamp":"2023-05-04 23:51:32"}
{"message":"✅ Express loaded.","level":"info","timestamp":"2023-05-04 23:51:32"}
{"message":"\n      ################################################\n      🛡️  Server listening on port: 3000 🛡️ \n      ################################################\n    ","level":"info","timestamp":"2023-05-04 23:51:32"}
{"message":"[404/Custom] NOT_FOUND - The page does not exist.","level":"error","timestamp":"2023-05-04 23:52:43"}
{"message":"✅ DB loaded and connected!","level":"info","timestamp":"2023-05-04 23:56:49"}
{"message":"✅ Dependency Injector loaded.","level":"info","timestamp":"2023-05-04 23:56:49"}
{"message":"✅ Express loaded.","level":"info","timestamp":"2023-05-04 23:56:49"}
{"message":"\n      ################################################\n      🛡️  Server listening on port: 3000 🛡️ \n      ################################################\n    ","level":"info","timestamp":"2023-05-04 23:56:49"}
{"message":"[404/Custom] NOT_FOUND - The page does not exist.","level":"error","timestamp":"2023-05-04 23:57:07"}
{"message":"✅ DB loaded and connected!","level":"info","timestamp":"2023-05-04 23:57:40"}
{"message":"✅ Dependency Injector loaded.","level":"info","timestamp":"2023-05-04 23:57:40"}
{"message":"✅ Express loaded.","level":"info","timestamp":"2023-05-04 23:57:40"}
{"message":"\n      ################################################\n      🛡️  Server listening on port: 3000 🛡️ \n      ################################################\n    ","level":"info","timestamp":"2023-05-04 23:57:40"}
{"message":"[404/Custom] NOT_FOUND - The page does not exist.","level":"error","timestamp":"2023-05-04 23:57:42"}
{"message":"[404/Custom] NOT_FOUND - The page does not exist.","level":"error","timestamp":"2023-05-04 23:58:12"}
{"message":"[404/Custom] NOT_FOUND - The page does not exist.","level":"error","timestamp":"2023-05-04 23:58:15"}
